Skalowanie silne [n = 20000000000]:
830.036492	420.130884	283.484392	211.872201	174.057197	148.507095	124.770575	109.707500	98.887369	89.144694	81.754515	74.806295
829.833945	417.927441	286.227287	209.283425	174.476613	145.202161	124.345740	108.755981	97.768925	88.938368	81.152928	75.481514
830.112726	427.204790	280.850732	209.311941	174.180170	147.577758	124.301844	108.676408	98.696181	88.730994	80.056210	74.307752
831.086003	422.468985	330.241135	209.282318	174.656778	145.119682	124.346518	108.727754	96.643731	86.913341	79.950426	87.091065
830.019303	442.333847	287.713893	304.401941	174.200006	147.913676	124.470668	108.724407	98.815157	86.915439	83.135417	74.727437
829.955248	421.687515	313.246439	208.830834	174.312213	148.213719	148.933176	110.965571	98.742937	87.054386	82.169491	74.647488
830.451377	421.012480	281.420038	209.155646	174.262710	148.379902	125.880636	108.706403	98.711630	86.925447	80.824060	75.280438
830.094495	423.249589	278.817574	209.038334	173.989241	145.165367	126.682620	108.838616	96.642124	87.616811	82.091061	76.008483
829.841829	422.693786	280.994310	213.501322	174.197813	144.994961	124.561385	108.858325	96.821203	104.360061	113.430263	73.232564
829.813717	423.272922	281.257918	208.628134	173.993531	145.082214	130.473891	113.273016	96.602601	88.767796	94.856044	74.102800
831.233976	423.223158	279.590133	209.341190	174.574812	148.452927	124.465749	111.036077	96.762756	90.421567	81.977026	73.733106
829.808734	422.377392	286.689748	215.890207	176.252102	149.629756	126.608051	108.897882	97.808286	87.002123	80.974260	87.501791
829.917255	422.965640	279.351605	209.036134	174.563738	145.132217	128.592772	108.734702	96.697400	86.990667	81.881622	75.417907
829.813104	421.721301	280.281148	208.974641	174.240346	145.163214	124.445003	108.740808	96.726271	91.121261	79.432296	73.865565
829.978820	421.258495	281.500906	210.300004	177.474787	145.144741	124.292054	108.714487	98.716667	87.600751	80.966066	78.353762

Skalowanie silne [n = 447213595]:
18.550965	9.367871        6.278244        4.712313        3.889696        3.309420        2.817219        2.434813        2.166503        1.967034        1.865297        1.659862
18.557116	9.553148        6.367362        4.716304        3.994384        3.246110        2.816567        2.483146        2.186548        1.946712        1.829287        1.654317
18.654322	9.474899        6.246980        4.663165        3.898003        3.246569        2.837344        2.433201        2.179564        1.962878        1.794837        1.625929
18.567474	9.772002        6.253658        4.664426        3.894972        3.249583        2.781640        2.431550        2.216780        1.967311        1.772346        1.664247
18.525951	9.419275        6.365273        4.743077        3.901327        3.246571        2.840174        2.490887        2.164049        2.026079        1.797961        1.691435
18.539709	9.555372        6.275458        4.691788        3.897783        3.244990        2.784263        2.427199        3.122788        1.985615        1.837528        1.648122
18.350020	9.424961        6.370317        4.672705        3.913459        3.287573        2.783498        2.466162        2.161705        2.317159        1.808850        1.653221
18.537100	9.588700        6.293307        4.727209        3.980542        3.251964        2.787827        2.434676        2.204477        1.944706        1.841675        1.657816
18.781628	9.362135        6.274756        4.692752        3.894400        3.324783        2.782512        2.430870        2.206079        1.945866        1.777696        1.621820
18.538447	9.426795        6.252268        4.681033        3.981382        3.249484        2.784098        2.431857        2.218407        1.961574        1.787258        1.667989
18.542989	9.339804        6.271559        4.731043        3.901664        3.241614        2.824969        2.435583        2.161006        1.948153        1.783272        1.634216
18.565527	9.424707        6.321177        4.699795        3.974135        3.248936        2.838058        2.481684        2.172867        1.944838        1.779702        2.331513
18.559457	9.325462        6.264501        4.678019        5.382068        3.308716        2.785054        2.474109        2.503982        1.948052        1.862663        1.652848
18.543147	9.544571	    6.268314        4.672507        3.896746        3.307798        2.852821        2.435083        2.213112        1.945497        1.783323        1.625365
18.522482	9.375412        6.294532        4.738759        3.908125        3.262997        2.817871        2.435166        2.189315        1.984707        2.553835        1.677018

Skalowanie silne [n = 10000000]:
0.415377        0.218812        0.144340        0.105213        0.087383        0.073173        0.062273        0.054620        0.049617        0.043717        0.040224        0.058074
0.413983        0.222455        0.141364        0.106103        0.087167        0.072815        0.062460        0.054699        0.048424        0.043578        0.039818        0.036634
0.414754        0.211947        0.142430        0.105707        0.087105        0.072825        0.062333        0.055498        0.048537        0.062858        0.039971        0.036352
0.415335        0.211316        0.140289        0.104764        0.087944        0.072727        0.063613        0.054970        0.048589        0.043630        0.039821        0.036363
0.415294        0.209237        0.143751        0.107391        0.087266        0.072645        0.062450        0.054569        0.048479        0.052059        0.040647        0.037147
0.415347        0.210397        0.140566        0.104569        0.087177        0.072651        0.063174        0.055574        0.049747        0.043807        0.040066        0.037262
0.414611        0.209253        0.143771        0.104673        0.086826        0.072779        0.062420        0.054429        0.049594        0.051960        0.057473        0.036343
0.415146        0.210535        0.139286        0.106675        0.087438        0.072658        0.063103        0.055850        0.049125        0.044418        0.040471        0.036570
0.415419        0.209221        0.141644        0.104839        0.091575        0.072927        0.062437        0.055530        0.049376        0.044292        0.039856        0.036358
0.415206        0.208866        0.142910        0.104857        0.087416        0.072679        0.062474        0.054494        0.049511        0.043641        0.040277        0.037862
0.415264        0.219403        0.198599        0.105863        0.087197        0.072703        0.063590        0.054577        0.049583        0.044245        0.039992        0.036317
0.412873        0.208835        0.144443        0.107140        0.087464        0.086854        0.062471        0.054471        0.049458        0.043742        0.039782        0.037253
0.415181        0.210975        0.141813        0.104653        0.087263        0.074108        0.062798        0.055559        0.049655        0.044454        0.057075        0.036720
0.415041        0.219634        0.140198        0.104584        0.087344        0.072653        0.062495        0.055081        0.049365        0.044725        0.040562        0.037036
0.414088        0.210118        0.140956        0.104949        0.087932        0.105158        0.063439        0.055362        0.049343        0.063211        0.039767        0.037803

Skalowanie slabe [n = 2000000000]:
82.618654	84.296002	84.096930	84.095219	87.206340	87.355592	104.595639	87.547162	88.536221	88.803744	125.227440	90.674750
82.974132	84.152568	85.267236	83.673358	88.125958	88.812132	87.023491	88.042048	88.640816	125.115277	105.367048	90.049999
83.160646	85.387878	84.376791	83.763770	87.064540	87.042325	87.211132	87.796402	86.908845	88.631533	99.327532	104.691181
82.964378	84.369067	84.630142	83.740528	87.233177	90.560329	87.762908	87.006376	90.025743	87.697567	89.385208	89.888873
83.018181	84.322720	89.113342	84.413324	87.026817	104.204347	89.030392	87.072543	86.924625	88.449226	89.335090	89.968639
83.006380	84.126437	83.854817	83.691366	87.192436	89.140439	87.090106	90.410519	87.704177	88.910928	89.742520	89.763879
82.989959	85.640793	84.561955	84.741477	87.125786	125.401631	88.035069	87.007275	87.046697	86.875372	89.250586	88.800489
83.018178	85.069078	84.304733	83.728677	86.967461	125.528390	87.781181	87.436463	88.003346	86.999122	93.629970	90.245480
82.973578	84.412424	83.808898	83.729594	87.026748	87.194772	91.083860	87.097070	88.822730	87.644728	89.188871	88.041782
82.958990	84.438687	83.902853	83.617923	87.171583	87.108570	87.052409	87.031713	88.863806	98.396357	89.251573	92.600616
85.450872	84.386595	84.194248	83.590352	87.098349	87.186393	87.220403	88.035760	88.797559	87.058339	91.316976	88.735671
82.970378	84.353189	85.777831	85.366241	87.575976	89.008530	88.727145	86.915669	87.026198	86.982098	87.288323	88.928620
82.978642	84.138584	84.205353	83.688939	89.228512	87.081798	88.673070	87.090101	86.987851	89.263293	90.544730	89.128279
83.020140	101.350361	83.646430	83.742696	119.418610	87.338253	86.970057	87.001707	87.060702	87.035071	125.907938	88.747003
82.320998	84.132522	84.279895	83.820127	87.269279	87.147183	87.623527	86.992593	87.159023	88.125787	90.429223	104.989329

Skalowanie slabe [n = 447213595]:
18.568129	18.714484	19.045534	18.786944	19.468610	19.486565	19.490913	19.437899	20.165070	19.439311	19.908071	19.974108
18.566343	18.733877	19.238153	18.802226	19.520283	19.519763	19.458921	19.469322	19.746103	19.552048	20.725183	20.272539
18.575668	18.780400	18.839312	19.106423	19.803869	19.497441	19.474753	19.468183	19.441301	19.446510	19.941121	19.839520
18.540141	18.911371	19.381910	18.762951	19.495385	19.716631	19.479077	19.487997	19.455291	20.356880	19.810116	19.536169
18.568011	18.826874	18.964383	22.324336	19.664677	19.492222	19.875747	19.441042	19.845855	20.372645	19.877269	20.323768
18.664438	18.982563	18.875315	18.724930	19.475696	19.497786	20.208282	19.781762	19.849651	19.848667	19.904490	19.920142
18.166656	18.645133	18.791437	18.758323	19.500703	19.933379	19.468666	19.481485	19.464875	19.857171	19.910886	19.697449
18.597698	18.756888	18.818202	18.734216	19.507863	19.584660	19.477586	19.463991	19.720804	19.441393	19.973925	19.972081
18.597335	18.861646	18.810620	18.727818	19.509112	20.274853	19.625747	19.626331	19.442380	19.859574	19.542666	19.655465
18.565630	18.845483	18.644708	18.726441	19.528090	19.895157	19.711926	19.450960	19.798683	19.850189	20.078921	20.141294
18.563597	18.898987	18.923850	18.686453	19.711508	19.499384	19.466077	19.472677	20.373997	23.198334	19.655889	20.095736
18.543144	18.865064	18.819281	18.876065	19.484464	19.896374	19.889045	19.819018	19.458645	19.475092	19.900198	20.262193
18.997123	19.502262	18.975176	18.712989	19.654369	19.878139	19.901312	20.265268	20.262231	19.855391	19.643753	20.120794
18.541130	18.671295	18.848257	18.667813	19.511908	19.680293	19.447593	19.429928	19.862489	19.869032	19.926806	19.601271
18.566315	18.803841	26.700141	18.760373	22.200454	19.724211	19.700067	19.448310	19.462778	19.875844	19.790489	20.123502

Skalowanie slabe [n = 1000000]:
0.041553        0.043831        0.042084        0.043413        0.044490        0.043664        0.045485        0.044534        0.043666        0.044603        0.044211        0.044510
0.041553        0.042455        0.042126        0.041931        0.043642        0.043689        0.044036        0.043658        0.043868        0.043790        0.044185        0.052828
0.041542        0.041938        0.042466        0.042698        0.043696        0.043657        0.043612        0.044216        0.043626        0.044431        0.043849        0.049399
0.041435        0.041856        0.041966        0.042095        0.043718        0.043601        0.043548        0.043794        0.044469        0.045482        0.044627        0.043972
0.041545        0.042475        0.043579        0.043048        0.044178        0.044489        0.045728        0.045869        0.043664        0.043658        0.044167        0.044452
0.041420        0.043780        0.047289        0.041998        0.043769        0.044242        0.043613        0.043554        0.044496        0.043609        0.044276        0.046165
0.041538        0.042099        0.050033        0.042140        0.044430        0.043867        0.043675        0.044462        0.043644        0.044595        0.044253        0.044318
0.041566        0.041974        0.042113        0.043572        0.044014        0.043689        0.044182        0.043690        0.043663        0.043600        0.049706        0.062497
0.041547        0.041945        0.042020        0.043584        0.043739        0.044413        0.045596        0.044570        0.045709        0.044133        0.063058        0.052088
0.041551        0.042054        0.042453        0.042719        0.043835        0.043873        0.043699        0.043719        0.044120        0.043569        0.043878        0.043713
0.041548        0.042224        0.043162        0.042988        0.043738        0.043724        0.044129        0.062483        0.043735        0.043607        0.043960        0.044442
0.041539        0.041938        0.043044        0.042190        0.043699        0.043625        0.044415        0.051879        0.044092        0.052239        0.044371        0.043758
0.041540        0.041764        0.042151        0.043530        0.043516        0.044184        0.043747        0.043584        0.043683        0.043642        0.044580        0.044670
0.041552        0.041933        0.042216        0.042555        0.043664        0.044448        0.044197        0.043679        0.044171        0.052074        0.043884        0.044610
0.042013        0.041997        0.041861        0.043349        0.043655        0.043642        0.043959        0.043694        0.043622        0.044450        0.043910        0.044299